19:03:36  DEBUG o.s.c.a.AnnotationConfigApplicationContext - Refreshing org.springframework.context.annotation.AnnotationConfigApplicationContext@746f6a85
19:03:36  DEBUG o.s.b.f.s.DefaultListableBeanFactory - Creating shared instance of singleton bean 'org.springframework.context.annotation.internalConfigurationAnnotationProcessor'
19:03:36  DEBUG o.s.b.f.s.DefaultListableBeanFactory - Creating shared instance of singleton bean 'org.springframework.context.event.internalEventListenerProcessor'
19:03:36  DEBUG o.s.b.f.s.DefaultListableBeanFactory - Creating shared instance of singleton bean 'org.springframework.context.event.internalEventListenerFactory'
19:03:36  DEBUG o.s.b.f.s.DefaultListableBeanFactory - Creating shared instance of singleton bean 'org.springframework.context.annotation.internalAutowiredAnnotationProcessor'
19:03:36  DEBUG o.s.b.f.s.DefaultListableBeanFactory - Creating shared instance of singleton bean 'org.springframework.context.annotation.internalCommonAnnotationProcessor'
19:03:36  DEBUG o.s.b.f.s.DefaultListableBeanFactory - Creating shared instance of singleton bean 'org.springframework.aop.config.internalAutoProxyCreator'
19:03:36  DEBUG o.s.b.f.s.DefaultListableBeanFactory - Creating shared instance of singleton bean 'defaultBeanConfiguration'
19:03:37  DEBUG o.s.a.a.a.ReflectiveAspectJAdvisorFactory - Found AspectJ method: public java.lang.Object io.appium.java_client.events.DefaultAspect.doAround(org.aspectj.lang.ProceedingJoinPoint) throws java.lang.Throwable
19:03:37  DEBUG o.s.a.a.a.ReflectiveAspectJAdvisorFactory - Found AspectJ method: public void io.appium.java_client.events.DefaultAspect.beforeAlertAccept(org.aspectj.lang.JoinPoint) throws java.lang.Throwable
19:03:37  DEBUG o.s.a.a.a.ReflectiveAspectJAdvisorFactory - Found AspectJ method: public void io.appium.java_client.events.DefaultAspect.beforeAlertDismiss(org.aspectj.lang.JoinPoint) throws java.lang.Throwable
19:03:37  DEBUG o.s.a.a.a.ReflectiveAspectJAdvisorFactory - Found AspectJ method: public void io.appium.java_client.events.DefaultAspect.beforeAlertSendKeys(org.aspectj.lang.JoinPoint) throws java.lang.Throwable
19:03:37  DEBUG o.s.a.a.a.ReflectiveAspectJAdvisorFactory - Found AspectJ method: public void io.appium.java_client.events.DefaultAspect.beforeChangeValueOf(org.aspectj.lang.JoinPoint) throws java.lang.Throwable
19:03:37  DEBUG o.s.a.a.a.ReflectiveAspectJAdvisorFactory - Found AspectJ method: public void io.appium.java_client.events.DefaultAspect.beforeClickOn(org.aspectj.lang.JoinPoint) throws java.lang.Throwable
19:03:37  DEBUG o.s.a.a.a.ReflectiveAspectJAdvisorFactory - Found AspectJ method: public void io.appium.java_client.events.DefaultAspect.beforeFindBy(org.aspectj.lang.JoinPoint) throws java.lang.Throwable
19:03:37  DEBUG o.s.a.a.a.ReflectiveAspectJAdvisorFactory - Found AspectJ method: public void io.appium.java_client.events.DefaultAspect.beforeMaximization(org.aspectj.lang.JoinPoint) throws java.lang.Throwable
19:03:37  DEBUG o.s.a.a.a.ReflectiveAspectJAdvisorFactory - Found AspectJ method: public void io.appium.java_client.events.DefaultAspect.beforeNavigateBack(org.aspectj.lang.JoinPoint) throws java.lang.Throwable
19:03:37  DEBUG o.s.a.a.a.ReflectiveAspectJAdvisorFactory - Found AspectJ method: public void io.appium.java_client.events.DefaultAspect.beforeNavigateForward(org.aspectj.lang.JoinPoint) throws java.lang.Throwable
19:03:37  DEBUG o.s.a.a.a.ReflectiveAspectJAdvisorFactory - Found AspectJ method: public void io.appium.java_client.events.DefaultAspect.beforeNavigateRefresh(org.aspectj.lang.JoinPoint) throws java.lang.Throwable
19:03:37  DEBUG o.s.a.a.a.ReflectiveAspectJAdvisorFactory - Found AspectJ method: public void io.appium.java_client.events.DefaultAspect.beforeNavigateTo(org.aspectj.lang.JoinPoint) throws java.lang.Throwable
19:03:37  DEBUG o.s.a.a.a.ReflectiveAspectJAdvisorFactory - Found AspectJ method: public void io.appium.java_client.events.DefaultAspect.beforeRotation(org.aspectj.lang.JoinPoint) throws java.lang.Throwable
19:03:37  DEBUG o.s.a.a.a.ReflectiveAspectJAdvisorFactory - Found AspectJ method: public void io.appium.java_client.events.DefaultAspect.beforeScript(org.aspectj.lang.JoinPoint) throws java.lang.Throwable
19:03:37  DEBUG o.s.a.a.a.ReflectiveAspectJAdvisorFactory - Found AspectJ method: public void io.appium.java_client.events.DefaultAspect.beforeSwitchToWindow(org.aspectj.lang.JoinPoint) throws java.lang.Throwable
19:03:37  DEBUG o.s.a.a.a.ReflectiveAspectJAdvisorFactory - Found AspectJ method: public void io.appium.java_client.events.DefaultAspect.beforeSwitchingToContext(org.aspectj.lang.JoinPoint) throws java.lang.Throwable
19:03:37  DEBUG o.s.a.a.a.ReflectiveAspectJAdvisorFactory - Found AspectJ method: public void io.appium.java_client.events.DefaultAspect.beforeTakeScreenShot(org.aspectj.lang.JoinPoint) throws java.lang.Throwable
19:03:37  DEBUG o.s.a.a.a.ReflectiveAspectJAdvisorFactory - Found AspectJ method: public void io.appium.java_client.events.DefaultAspect.beforeWindowIsMoved(org.aspectj.lang.JoinPoint) throws java.lang.Throwable
19:03:37  DEBUG o.s.a.a.a.ReflectiveAspectJAdvisorFactory - Found AspectJ method: public void io.appium.java_client.events.DefaultAspect.beforeWindowIsResized(org.aspectj.lang.JoinPoint) throws java.lang.Throwable
19:03:37  DEBUG o.s.a.a.a.ReflectiveAspectJAdvisorFactory - Found AspectJ method: public void io.appium.java_client.events.DefaultAspect.afterAlertAccept(org.aspectj.lang.JoinPoint) throws java.lang.Throwable
19:03:37  DEBUG o.s.a.a.a.ReflectiveAspectJAdvisorFactory - Found AspectJ method: public void io.appium.java_client.events.DefaultAspect.afterAlertDismiss(org.aspectj.lang.JoinPoint) throws java.lang.Throwable
19:03:37  DEBUG o.s.a.a.a.ReflectiveAspectJAdvisorFactory - Found AspectJ method: public void io.appium.java_client.events.DefaultAspect.afterAlertSendKeys(org.aspectj.lang.JoinPoint) throws java.lang.Throwable
19:03:37  DEBUG o.s.a.a.a.ReflectiveAspectJAdvisorFactory - Found AspectJ method: public void io.appium.java_client.events.DefaultAspect.afterChangeValueOf(org.aspectj.lang.JoinPoint) throws java.lang.Throwable
19:03:37  DEBUG o.s.a.a.a.ReflectiveAspectJAdvisorFactory - Found AspectJ method: public void io.appium.java_client.events.DefaultAspect.afterClickOn(org.aspectj.lang.JoinPoint) throws java.lang.Throwable
19:03:37  DEBUG o.s.a.a.a.ReflectiveAspectJAdvisorFactory - Found AspectJ method: public void io.appium.java_client.events.DefaultAspect.afterFindBy(org.aspectj.lang.JoinPoint) throws java.lang.Throwable
19:03:37  DEBUG o.s.a.a.a.ReflectiveAspectJAdvisorFactory - Found AspectJ method: public void io.appium.java_client.events.DefaultAspect.afterMaximization(org.aspectj.lang.JoinPoint) throws java.lang.Throwable
19:03:37  DEBUG o.s.a.a.a.ReflectiveAspectJAdvisorFactory - Found AspectJ method: public void io.appium.java_client.events.DefaultAspect.afterNavigateBack(org.aspectj.lang.JoinPoint) throws java.lang.Throwable
19:03:37  DEBUG o.s.a.a.a.ReflectiveAspectJAdvisorFactory - Found AspectJ method: public void io.appium.java_client.events.DefaultAspect.afterNavigateForward(org.aspectj.lang.JoinPoint) throws java.lang.Throwable
19:03:37  DEBUG o.s.a.a.a.ReflectiveAspectJAdvisorFactory - Found AspectJ method: public void io.appium.java_client.events.DefaultAspect.afterNavigateRefresh(org.aspectj.lang.JoinPoint) throws java.lang.Throwable
19:03:37  DEBUG o.s.a.a.a.ReflectiveAspectJAdvisorFactory - Found AspectJ method: public void io.appium.java_client.events.DefaultAspect.afterNavigateTo(org.aspectj.lang.JoinPoint) throws java.lang.Throwable
19:03:37  DEBUG o.s.a.a.a.ReflectiveAspectJAdvisorFactory - Found AspectJ method: public void io.appium.java_client.events.DefaultAspect.afterRotation(org.aspectj.lang.JoinPoint) throws java.lang.Throwable
19:03:37  DEBUG o.s.a.a.a.ReflectiveAspectJAdvisorFactory - Found AspectJ method: public void io.appium.java_client.events.DefaultAspect.afterScript(org.aspectj.lang.JoinPoint) throws java.lang.Throwable
19:03:37  DEBUG o.s.a.a.a.ReflectiveAspectJAdvisorFactory - Found AspectJ method: public void io.appium.java_client.events.DefaultAspect.afterSwitchToWindow(org.aspectj.lang.JoinPoint) throws java.lang.Throwable
19:03:37  DEBUG o.s.a.a.a.ReflectiveAspectJAdvisorFactory - Found AspectJ method: public void io.appium.java_client.events.DefaultAspect.afterSwitchingToContextn(org.aspectj.lang.JoinPoint) throws java.lang.Throwable
19:03:37  DEBUG o.s.a.a.a.ReflectiveAspectJAdvisorFactory - Found AspectJ method: public void io.appium.java_client.events.DefaultAspect.afterWindowIsMoved(org.aspectj.lang.JoinPoint) throws java.lang.Throwable
19:03:37  DEBUG o.s.a.a.a.ReflectiveAspectJAdvisorFactory - Found AspectJ method: public void io.appium.java_client.events.DefaultAspect.afterWindowIsResized(org.aspectj.lang.JoinPoint) throws java.lang.Throwable
19:03:37  DEBUG o.s.a.a.a.ReflectiveAspectJAdvisorFactory - Found AspectJ method: public void io.appium.java_client.events.DefaultAspect.afterTakeScreenShot(org.aspectj.lang.JoinPoint,java.lang.Object) throws java.lang.Throwable
19:03:37  DEBUG o.s.a.a.a.ReflectiveAspectJAdvisorFactory - Found AspectJ method: public java.lang.Object io.appium.java_client.events.DefaultAspect.doAround(org.aspectj.lang.ProceedingJoinPoint) throws java.lang.Throwable
19:03:37  DEBUG o.s.a.a.a.ReflectiveAspectJAdvisorFactory - Found AspectJ method: public void io.appium.java_client.events.DefaultAspect.beforeAlertAccept(org.aspectj.lang.JoinPoint) throws java.lang.Throwable
19:03:37  DEBUG o.s.a.a.a.ReflectiveAspectJAdvisorFactory - Found AspectJ method: public void io.appium.java_client.events.DefaultAspect.beforeAlertDismiss(org.aspectj.lang.JoinPoint) throws java.lang.Throwable
19:03:37  DEBUG o.s.a.a.a.ReflectiveAspectJAdvisorFactory - Found AspectJ method: public void io.appium.java_client.events.DefaultAspect.beforeAlertSendKeys(org.aspectj.lang.JoinPoint) throws java.lang.Throwable
19:03:37  DEBUG o.s.a.a.a.ReflectiveAspectJAdvisorFactory - Found AspectJ method: public void io.appium.java_client.events.DefaultAspect.beforeChangeValueOf(org.aspectj.lang.JoinPoint) throws java.lang.Throwable
19:03:37  DEBUG o.s.a.a.a.ReflectiveAspectJAdvisorFactory - Found AspectJ method: public void io.appium.java_client.events.DefaultAspect.beforeClickOn(org.aspectj.lang.JoinPoint) throws java.lang.Throwable
19:03:37  DEBUG o.s.a.a.a.ReflectiveAspectJAdvisorFactory - Found AspectJ method: public void io.appium.java_client.events.DefaultAspect.beforeFindBy(org.aspectj.lang.JoinPoint) throws java.lang.Throwable
19:03:37  DEBUG o.s.a.a.a.ReflectiveAspectJAdvisorFactory - Found AspectJ method: public void io.appium.java_client.events.DefaultAspect.beforeMaximization(org.aspectj.lang.JoinPoint) throws java.lang.Throwable
19:03:37  DEBUG o.s.a.a.a.ReflectiveAspectJAdvisorFactory - Found AspectJ method: public void io.appium.java_client.events.DefaultAspect.beforeNavigateBack(org.aspectj.lang.JoinPoint) throws java.lang.Throwable
19:03:37  DEBUG o.s.a.a.a.ReflectiveAspectJAdvisorFactory - Found AspectJ method: public void io.appium.java_client.events.DefaultAspect.beforeNavigateForward(org.aspectj.lang.JoinPoint) throws java.lang.Throwable
19:03:37  DEBUG o.s.a.a.a.ReflectiveAspectJAdvisorFactory - Found AspectJ method: public void io.appium.java_client.events.DefaultAspect.beforeNavigateRefresh(org.aspectj.lang.JoinPoint) throws java.lang.Throwable
19:03:37  DEBUG o.s.a.a.a.ReflectiveAspectJAdvisorFactory - Found AspectJ method: public void io.appium.java_client.events.DefaultAspect.beforeNavigateTo(org.aspectj.lang.JoinPoint) throws java.lang.Throwable
19:03:37  DEBUG o.s.a.a.a.ReflectiveAspectJAdvisorFactory - Found AspectJ method: public void io.appium.java_client.events.DefaultAspect.beforeRotation(org.aspectj.lang.JoinPoint) throws java.lang.Throwable
19:03:37  DEBUG o.s.a.a.a.ReflectiveAspectJAdvisorFactory - Found AspectJ method: public void io.appium.java_client.events.DefaultAspect.beforeScript(org.aspectj.lang.JoinPoint) throws java.lang.Throwable
19:03:37  DEBUG o.s.a.a.a.ReflectiveAspectJAdvisorFactory - Found AspectJ method: public void io.appium.java_client.events.DefaultAspect.beforeSwitchToWindow(org.aspectj.lang.JoinPoint) throws java.lang.Throwable
19:03:37  DEBUG o.s.a.a.a.ReflectiveAspectJAdvisorFactory - Found AspectJ method: public void io.appium.java_client.events.DefaultAspect.beforeSwitchingToContext(org.aspectj.lang.JoinPoint) throws java.lang.Throwable
19:03:37  DEBUG o.s.a.a.a.ReflectiveAspectJAdvisorFactory - Found AspectJ method: public void io.appium.java_client.events.DefaultAspect.beforeTakeScreenShot(org.aspectj.lang.JoinPoint) throws java.lang.Throwable
19:03:37  DEBUG o.s.a.a.a.ReflectiveAspectJAdvisorFactory - Found AspectJ method: public void io.appium.java_client.events.DefaultAspect.beforeWindowIsMoved(org.aspectj.lang.JoinPoint) throws java.lang.Throwable
19:03:37  DEBUG o.s.a.a.a.ReflectiveAspectJAdvisorFactory - Found AspectJ method: public void io.appium.java_client.events.DefaultAspect.beforeWindowIsResized(org.aspectj.lang.JoinPoint) throws java.lang.Throwable
19:03:37  DEBUG o.s.a.a.a.ReflectiveAspectJAdvisorFactory - Found AspectJ method: public void io.appium.java_client.events.DefaultAspect.afterAlertAccept(org.aspectj.lang.JoinPoint) throws java.lang.Throwable
19:03:37  DEBUG o.s.a.a.a.ReflectiveAspectJAdvisorFactory - Found AspectJ method: public void io.appium.java_client.events.DefaultAspect.afterAlertDismiss(org.aspectj.lang.JoinPoint) throws java.lang.Throwable
19:03:37  DEBUG o.s.a.a.a.ReflectiveAspectJAdvisorFactory - Found AspectJ method: public void io.appium.java_client.events.DefaultAspect.afterAlertSendKeys(org.aspectj.lang.JoinPoint) throws java.lang.Throwable
19:03:37  DEBUG o.s.a.a.a.ReflectiveAspectJAdvisorFactory - Found AspectJ method: public void io.appium.java_client.events.DefaultAspect.afterChangeValueOf(org.aspectj.lang.JoinPoint) throws java.lang.Throwable
19:03:37  DEBUG o.s.a.a.a.ReflectiveAspectJAdvisorFactory - Found AspectJ method: public void io.appium.java_client.events.DefaultAspect.afterClickOn(org.aspectj.lang.JoinPoint) throws java.lang.Throwable
19:03:37  DEBUG o.s.a.a.a.ReflectiveAspectJAdvisorFactory - Found AspectJ method: public void io.appium.java_client.events.DefaultAspect.afterFindBy(org.aspectj.lang.JoinPoint) throws java.lang.Throwable
19:03:37  DEBUG o.s.a.a.a.ReflectiveAspectJAdvisorFactory - Found AspectJ method: public void io.appium.java_client.events.DefaultAspect.afterMaximization(org.aspectj.lang.JoinPoint) throws java.lang.Throwable
19:03:37  DEBUG o.s.a.a.a.ReflectiveAspectJAdvisorFactory - Found AspectJ method: public void io.appium.java_client.events.DefaultAspect.afterNavigateBack(org.aspectj.lang.JoinPoint) throws java.lang.Throwable
19:03:37  DEBUG o.s.a.a.a.ReflectiveAspectJAdvisorFactory - Found AspectJ method: public void io.appium.java_client.events.DefaultAspect.afterNavigateForward(org.aspectj.lang.JoinPoint) throws java.lang.Throwable
19:03:37  DEBUG o.s.a.a.a.ReflectiveAspectJAdvisorFactory - Found AspectJ method: public void io.appium.java_client.events.DefaultAspect.afterNavigateRefresh(org.aspectj.lang.JoinPoint) throws java.lang.Throwable
19:03:37  DEBUG o.s.a.a.a.ReflectiveAspectJAdvisorFactory - Found AspectJ method: public void io.appium.java_client.events.DefaultAspect.afterNavigateTo(org.aspectj.lang.JoinPoint) throws java.lang.Throwable
19:03:37  DEBUG o.s.a.a.a.ReflectiveAspectJAdvisorFactory - Found AspectJ method: public void io.appium.java_client.events.DefaultAspect.afterRotation(org.aspectj.lang.JoinPoint) throws java.lang.Throwable
19:03:37  DEBUG o.s.a.a.a.ReflectiveAspectJAdvisorFactory - Found AspectJ method: public void io.appium.java_client.events.DefaultAspect.afterScript(org.aspectj.lang.JoinPoint) throws java.lang.Throwable
19:03:37  DEBUG o.s.a.a.a.ReflectiveAspectJAdvisorFactory - Found AspectJ method: public void io.appium.java_client.events.DefaultAspect.afterSwitchToWindow(org.aspectj.lang.JoinPoint) throws java.lang.Throwable
19:03:37  DEBUG o.s.a.a.a.ReflectiveAspectJAdvisorFactory - Found AspectJ method: public void io.appium.java_client.events.DefaultAspect.afterSwitchingToContextn(org.aspectj.lang.JoinPoint) throws java.lang.Throwable
19:03:37  DEBUG o.s.a.a.a.ReflectiveAspectJAdvisorFactory - Found AspectJ method: public void io.appium.java_client.events.DefaultAspect.afterWindowIsMoved(org.aspectj.lang.JoinPoint) throws java.lang.Throwable
19:03:37  DEBUG o.s.a.a.a.ReflectiveAspectJAdvisorFactory - Found AspectJ method: public void io.appium.java_client.events.DefaultAspect.afterWindowIsResized(org.aspectj.lang.JoinPoint) throws java.lang.Throwable
19:03:37  DEBUG o.s.a.a.a.ReflectiveAspectJAdvisorFactory - Found AspectJ method: public void io.appium.java_client.events.DefaultAspect.afterTakeScreenShot(org.aspectj.lang.JoinPoint,java.lang.Object) throws java.lang.Throwable
19:03:37  DEBUG o.s.a.a.a.ReflectiveAspectJAdvisorFactory - Found AspectJ method: public java.lang.Object io.appium.java_client.events.DefaultAspect.doAround(org.aspectj.lang.ProceedingJoinPoint) throws java.lang.Throwable
19:03:37  DEBUG o.s.a.a.a.ReflectiveAspectJAdvisorFactory - Found AspectJ method: public void io.appium.java_client.events.DefaultAspect.beforeAlertAccept(org.aspectj.lang.JoinPoint) throws java.lang.Throwable
19:03:37  DEBUG o.s.a.a.a.ReflectiveAspectJAdvisorFactory - Found AspectJ method: public void io.appium.java_client.events.DefaultAspect.beforeAlertDismiss(org.aspectj.lang.JoinPoint) throws java.lang.Throwable
19:03:37  DEBUG o.s.a.a.a.ReflectiveAspectJAdvisorFactory - Found AspectJ method: public void io.appium.java_client.events.DefaultAspect.beforeAlertSendKeys(org.aspectj.lang.JoinPoint) throws java.lang.Throwable
19:03:37  DEBUG o.s.a.a.a.ReflectiveAspectJAdvisorFactory - Found AspectJ method: public void io.appium.java_client.events.DefaultAspect.beforeChangeValueOf(org.aspectj.lang.JoinPoint) throws java.lang.Throwable
19:03:37  DEBUG o.s.a.a.a.ReflectiveAspectJAdvisorFactory - Found AspectJ method: public void io.appium.java_client.events.DefaultAspect.beforeClickOn(org.aspectj.lang.JoinPoint) throws java.lang.Throwable
19:03:37  DEBUG o.s.a.a.a.ReflectiveAspectJAdvisorFactory - Found AspectJ method: public void io.appium.java_client.events.DefaultAspect.beforeFindBy(org.aspectj.lang.JoinPoint) throws java.lang.Throwable
19:03:37  DEBUG o.s.a.a.a.ReflectiveAspectJAdvisorFactory - Found AspectJ method: public void io.appium.java_client.events.DefaultAspect.beforeMaximization(org.aspectj.lang.JoinPoint) throws java.lang.Throwable
19:03:37  DEBUG o.s.a.a.a.ReflectiveAspectJAdvisorFactory - Found AspectJ method: public void io.appium.java_client.events.DefaultAspect.beforeNavigateBack(org.aspectj.lang.JoinPoint) throws java.lang.Throwable
19:03:37  DEBUG o.s.a.a.a.ReflectiveAspectJAdvisorFactory - Found AspectJ method: public void io.appium.java_client.events.DefaultAspect.beforeNavigateForward(org.aspectj.lang.JoinPoint) throws java.lang.Throwable
19:03:37  DEBUG o.s.a.a.a.ReflectiveAspectJAdvisorFactory - Found AspectJ method: public void io.appium.java_client.events.DefaultAspect.beforeNavigateRefresh(org.aspectj.lang.JoinPoint) throws java.lang.Throwable
19:03:37  DEBUG o.s.a.a.a.ReflectiveAspectJAdvisorFactory - Found AspectJ method: public void io.appium.java_client.events.DefaultAspect.beforeNavigateTo(org.aspectj.lang.JoinPoint) throws java.lang.Throwable
19:03:37  DEBUG o.s.a.a.a.ReflectiveAspectJAdvisorFactory - Found AspectJ method: public void io.appium.java_client.events.DefaultAspect.beforeRotation(org.aspectj.lang.JoinPoint) throws java.lang.Throwable
19:03:37  DEBUG o.s.a.a.a.ReflectiveAspectJAdvisorFactory - Found AspectJ method: public void io.appium.java_client.events.DefaultAspect.beforeScript(org.aspectj.lang.JoinPoint) throws java.lang.Throwable
19:03:37  DEBUG o.s.a.a.a.ReflectiveAspectJAdvisorFactory - Found AspectJ method: public void io.appium.java_client.events.DefaultAspect.beforeSwitchToWindow(org.aspectj.lang.JoinPoint) throws java.lang.Throwable
19:03:37  DEBUG o.s.a.a.a.ReflectiveAspectJAdvisorFactory - Found AspectJ method: public void io.appium.java_client.events.DefaultAspect.beforeSwitchingToContext(org.aspectj.lang.JoinPoint) throws java.lang.Throwable
19:03:37  DEBUG o.s.a.a.a.ReflectiveAspectJAdvisorFactory - Found AspectJ method: public void io.appium.java_client.events.DefaultAspect.beforeTakeScreenShot(org.aspectj.lang.JoinPoint) throws java.lang.Throwable
19:03:37  DEBUG o.s.a.a.a.ReflectiveAspectJAdvisorFactory - Found AspectJ method: public void io.appium.java_client.events.DefaultAspect.beforeWindowIsMoved(org.aspectj.lang.JoinPoint) throws java.lang.Throwable
19:03:37  DEBUG o.s.a.a.a.ReflectiveAspectJAdvisorFactory - Found AspectJ method: public void io.appium.java_client.events.DefaultAspect.beforeWindowIsResized(org.aspectj.lang.JoinPoint) throws java.lang.Throwable
19:03:37  DEBUG o.s.a.a.a.ReflectiveAspectJAdvisorFactory - Found AspectJ method: public void io.appium.java_client.events.DefaultAspect.afterAlertAccept(org.aspectj.lang.JoinPoint) throws java.lang.Throwable
19:03:37  DEBUG o.s.a.a.a.ReflectiveAspectJAdvisorFactory - Found AspectJ method: public void io.appium.java_client.events.DefaultAspect.afterAlertDismiss(org.aspectj.lang.JoinPoint) throws java.lang.Throwable
19:03:37  DEBUG o.s.a.a.a.ReflectiveAspectJAdvisorFactory - Found AspectJ method: public void io.appium.java_client.events.DefaultAspect.afterAlertSendKeys(org.aspectj.lang.JoinPoint) throws java.lang.Throwable
19:03:37  DEBUG o.s.a.a.a.ReflectiveAspectJAdvisorFactory - Found AspectJ method: public void io.appium.java_client.events.DefaultAspect.afterChangeValueOf(org.aspectj.lang.JoinPoint) throws java.lang.Throwable
19:03:37  DEBUG o.s.a.a.a.ReflectiveAspectJAdvisorFactory - Found AspectJ method: public void io.appium.java_client.events.DefaultAspect.afterClickOn(org.aspectj.lang.JoinPoint) throws java.lang.Throwable
19:03:37  DEBUG o.s.a.a.a.ReflectiveAspectJAdvisorFactory - Found AspectJ method: public void io.appium.java_client.events.DefaultAspect.afterFindBy(org.aspectj.lang.JoinPoint) throws java.lang.Throwable
19:03:37  DEBUG o.s.a.a.a.ReflectiveAspectJAdvisorFactory - Found AspectJ method: public void io.appium.java_client.events.DefaultAspect.afterMaximization(org.aspectj.lang.JoinPoint) throws java.lang.Throwable
19:03:37  DEBUG o.s.a.a.a.ReflectiveAspectJAdvisorFactory - Found AspectJ method: public void io.appium.java_client.events.DefaultAspect.afterNavigateBack(org.aspectj.lang.JoinPoint) throws java.lang.Throwable
19:03:37  DEBUG o.s.a.a.a.ReflectiveAspectJAdvisorFactory - Found AspectJ method: public void io.appium.java_client.events.DefaultAspect.afterNavigateForward(org.aspectj.lang.JoinPoint) throws java.lang.Throwable
19:03:37  DEBUG o.s.a.a.a.ReflectiveAspectJAdvisorFactory - Found AspectJ method: public void io.appium.java_client.events.DefaultAspect.afterNavigateRefresh(org.aspectj.lang.JoinPoint) throws java.lang.Throwable
19:03:37  DEBUG o.s.a.a.a.ReflectiveAspectJAdvisorFactory - Found AspectJ method: public void io.appium.java_client.events.DefaultAspect.afterNavigateTo(org.aspectj.lang.JoinPoint) throws java.lang.Throwable
19:03:37  DEBUG o.s.a.a.a.ReflectiveAspectJAdvisorFactory - Found AspectJ method: public void io.appium.java_client.events.DefaultAspect.afterRotation(org.aspectj.lang.JoinPoint) throws java.lang.Throwable
19:03:37  DEBUG o.s.a.a.a.ReflectiveAspectJAdvisorFactory - Found AspectJ method: public void io.appium.java_client.events.DefaultAspect.afterScript(org.aspectj.lang.JoinPoint) throws java.lang.Throwable
19:03:37  DEBUG o.s.a.a.a.ReflectiveAspectJAdvisorFactory - Found AspectJ method: public void io.appium.java_client.events.DefaultAspect.afterSwitchToWindow(org.aspectj.lang.JoinPoint) throws java.lang.Throwable
19:03:37  DEBUG o.s.a.a.a.ReflectiveAspectJAdvisorFactory - Found AspectJ method: public void io.appium.java_client.events.DefaultAspect.afterSwitchingToContextn(org.aspectj.lang.JoinPoint) throws java.lang.Throwable
19:03:37  DEBUG o.s.a.a.a.ReflectiveAspectJAdvisorFactory - Found AspectJ method: public void io.appium.java_client.events.DefaultAspect.afterWindowIsMoved(org.aspectj.lang.JoinPoint) throws java.lang.Throwable
19:03:37  DEBUG o.s.a.a.a.ReflectiveAspectJAdvisorFactory - Found AspectJ method: public void io.appium.java_client.events.DefaultAspect.afterWindowIsResized(org.aspectj.lang.JoinPoint) throws java.lang.Throwable
19:03:37  DEBUG o.s.a.a.a.ReflectiveAspectJAdvisorFactory - Found AspectJ method: public void io.appium.java_client.events.DefaultAspect.afterTakeScreenShot(org.aspectj.lang.JoinPoint,java.lang.Object) throws java.lang.Throwable
19:03:37  DEBUG o.s.a.a.a.ReflectiveAspectJAdvisorFactory - Found AspectJ method: public java.lang.Object io.appium.java_client.events.DefaultAspect.doAround(org.aspectj.lang.ProceedingJoinPoint) throws java.lang.Throwable
19:03:37  DEBUG o.s.a.a.a.ReflectiveAspectJAdvisorFactory - Found AspectJ method: public void io.appium.java_client.events.DefaultAspect.beforeAlertAccept(org.aspectj.lang.JoinPoint) throws java.lang.Throwable
19:03:37  DEBUG o.s.a.a.a.ReflectiveAspectJAdvisorFactory - Found AspectJ method: public void io.appium.java_client.events.DefaultAspect.beforeAlertDismiss(org.aspectj.lang.JoinPoint) throws java.lang.Throwable
19:03:37  DEBUG o.s.a.a.a.ReflectiveAspectJAdvisorFactory - Found AspectJ method: public void io.appium.java_client.events.DefaultAspect.beforeAlertSendKeys(org.aspectj.lang.JoinPoint) throws java.lang.Throwable
19:03:37  DEBUG o.s.a.a.a.ReflectiveAspectJAdvisorFactory - Found AspectJ method: public void io.appium.java_client.events.DefaultAspect.beforeChangeValueOf(org.aspectj.lang.JoinPoint) throws java.lang.Throwable
19:03:37  DEBUG o.s.a.a.a.ReflectiveAspectJAdvisorFactory - Found AspectJ method: public void io.appium.java_client.events.DefaultAspect.beforeClickOn(org.aspectj.lang.JoinPoint) throws java.lang.Throwable
19:03:37  DEBUG o.s.a.a.a.ReflectiveAspectJAdvisorFactory - Found AspectJ method: public void io.appium.java_client.events.DefaultAspect.beforeFindBy(org.aspectj.lang.JoinPoint) throws java.lang.Throwable
19:03:37  DEBUG o.s.a.a.a.ReflectiveAspectJAdvisorFactory - Found AspectJ method: public void io.appium.java_client.events.DefaultAspect.beforeMaximization(org.aspectj.lang.JoinPoint) throws java.lang.Throwable
19:03:37  DEBUG o.s.a.a.a.ReflectiveAspectJAdvisorFactory - Found AspectJ method: public void io.appium.java_client.events.DefaultAspect.beforeNavigateBack(org.aspectj.lang.JoinPoint) throws java.lang.Throwable
19:03:37  DEBUG o.s.a.a.a.ReflectiveAspectJAdvisorFactory - Found AspectJ method: public void io.appium.java_client.events.DefaultAspect.beforeNavigateForward(org.aspectj.lang.JoinPoint) throws java.lang.Throwable
19:03:37  DEBUG o.s.a.a.a.ReflectiveAspectJAdvisorFactory - Found AspectJ method: public void io.appium.java_client.events.DefaultAspect.beforeNavigateRefresh(org.aspectj.lang.JoinPoint) throws java.lang.Throwable
19:03:37  DEBUG o.s.a.a.a.ReflectiveAspectJAdvisorFactory - Found AspectJ method: public void io.appium.java_client.events.DefaultAspect.beforeNavigateTo(org.aspectj.lang.JoinPoint) throws java.lang.Throwable
19:03:37  DEBUG o.s.a.a.a.ReflectiveAspectJAdvisorFactory - Found AspectJ method: public void io.appium.java_client.events.DefaultAspect.beforeRotation(org.aspectj.lang.JoinPoint) throws java.lang.Throwable
19:03:37  DEBUG o.s.a.a.a.ReflectiveAspectJAdvisorFactory - Found AspectJ method: public void io.appium.java_client.events.DefaultAspect.beforeScript(org.aspectj.lang.JoinPoint) throws java.lang.Throwable
19:03:37  DEBUG o.s.a.a.a.ReflectiveAspectJAdvisorFactory - Found AspectJ method: public void io.appium.java_client.events.DefaultAspect.beforeSwitchToWindow(org.aspectj.lang.JoinPoint) throws java.lang.Throwable
19:03:37  DEBUG o.s.a.a.a.ReflectiveAspectJAdvisorFactory - Found AspectJ method: public void io.appium.java_client.events.DefaultAspect.beforeSwitchingToContext(org.aspectj.lang.JoinPoint) throws java.lang.Throwable
19:03:37  DEBUG o.s.a.a.a.ReflectiveAspectJAdvisorFactory - Found AspectJ method: public void io.appium.java_client.events.DefaultAspect.beforeTakeScreenShot(org.aspectj.lang.JoinPoint) throws java.lang.Throwable
19:03:37  DEBUG o.s.a.a.a.ReflectiveAspectJAdvisorFactory - Found AspectJ method: public void io.appium.java_client.events.DefaultAspect.beforeWindowIsMoved(org.aspectj.lang.JoinPoint) throws java.lang.Throwable
19:03:37  DEBUG o.s.a.a.a.ReflectiveAspectJAdvisorFactory - Found AspectJ method: public void io.appium.java_client.events.DefaultAspect.beforeWindowIsResized(org.aspectj.lang.JoinPoint) throws java.lang.Throwable
19:03:37  DEBUG o.s.a.a.a.ReflectiveAspectJAdvisorFactory - Found AspectJ method: public void io.appium.java_client.events.DefaultAspect.afterAlertAccept(org.aspectj.lang.JoinPoint) throws java.lang.Throwable
19:03:37  DEBUG o.s.a.a.a.ReflectiveAspectJAdvisorFactory - Found AspectJ method: public void io.appium.java_client.events.DefaultAspect.afterAlertDismiss(org.aspectj.lang.JoinPoint) throws java.lang.Throwable
19:03:37  DEBUG o.s.a.a.a.ReflectiveAspectJAdvisorFactory - Found AspectJ method: public void io.appium.java_client.events.DefaultAspect.afterAlertSendKeys(org.aspectj.lang.JoinPoint) throws java.lang.Throwable
19:03:37  DEBUG o.s.a.a.a.ReflectiveAspectJAdvisorFactory - Found AspectJ method: public void io.appium.java_client.events.DefaultAspect.afterChangeValueOf(org.aspectj.lang.JoinPoint) throws java.lang.Throwable
19:03:37  DEBUG o.s.a.a.a.ReflectiveAspectJAdvisorFactory - Found AspectJ method: public void io.appium.java_client.events.DefaultAspect.afterClickOn(org.aspectj.lang.JoinPoint) throws java.lang.Throwable
19:03:37  DEBUG o.s.a.a.a.ReflectiveAspectJAdvisorFactory - Found AspectJ method: public void io.appium.java_client.events.DefaultAspect.afterFindBy(org.aspectj.lang.JoinPoint) throws java.lang.Throwable
19:03:37  DEBUG o.s.a.a.a.ReflectiveAspectJAdvisorFactory - Found AspectJ method: public void io.appium.java_client.events.DefaultAspect.afterMaximization(org.aspectj.lang.JoinPoint) throws java.lang.Throwable
19:03:37  DEBUG o.s.a.a.a.ReflectiveAspectJAdvisorFactory - Found AspectJ method: public void io.appium.java_client.events.DefaultAspect.afterNavigateBack(org.aspectj.lang.JoinPoint) throws java.lang.Throwable
19:03:37  DEBUG o.s.a.a.a.ReflectiveAspectJAdvisorFactory - Found AspectJ method: public void io.appium.java_client.events.DefaultAspect.afterNavigateForward(org.aspectj.lang.JoinPoint) throws java.lang.Throwable
19:03:37  DEBUG o.s.a.a.a.ReflectiveAspectJAdvisorFactory - Found AspectJ method: public void io.appium.java_client.events.DefaultAspect.afterNavigateRefresh(org.aspectj.lang.JoinPoint) throws java.lang.Throwable
19:03:37  DEBUG o.s.a.a.a.ReflectiveAspectJAdvisorFactory - Found AspectJ method: public void io.appium.java_client.events.DefaultAspect.afterNavigateTo(org.aspectj.lang.JoinPoint) throws java.lang.Throwable
19:03:37  DEBUG o.s.a.a.a.ReflectiveAspectJAdvisorFactory - Found AspectJ method: public void io.appium.java_client.events.DefaultAspect.afterRotation(org.aspectj.lang.JoinPoint) throws java.lang.Throwable
19:03:37  DEBUG o.s.a.a.a.ReflectiveAspectJAdvisorFactory - Found AspectJ method: public void io.appium.java_client.events.DefaultAspect.afterScript(org.aspectj.lang.JoinPoint) throws java.lang.Throwable
19:03:37  DEBUG o.s.a.a.a.ReflectiveAspectJAdvisorFactory - Found AspectJ method: public void io.appium.java_client.events.DefaultAspect.afterSwitchToWindow(org.aspectj.lang.JoinPoint) throws java.lang.Throwable
19:03:37  DEBUG o.s.a.a.a.ReflectiveAspectJAdvisorFactory - Found AspectJ method: public void io.appium.java_client.events.DefaultAspect.afterSwitchingToContextn(org.aspectj.lang.JoinPoint) throws java.lang.Throwable
19:03:37  DEBUG o.s.a.a.a.ReflectiveAspectJAdvisorFactory - Found AspectJ method: public void io.appium.java_client.events.DefaultAspect.afterWindowIsMoved(org.aspectj.lang.JoinPoint) throws java.lang.Throwable
19:03:37  DEBUG o.s.a.a.a.ReflectiveAspectJAdvisorFactory - Found AspectJ method: public void io.appium.java_client.events.DefaultAspect.afterWindowIsResized(org.aspectj.lang.JoinPoint) throws java.lang.Throwable
19:03:37  DEBUG o.s.a.a.a.ReflectiveAspectJAdvisorFactory - Found AspectJ method: public void io.appium.java_client.events.DefaultAspect.afterTakeScreenShot(org.aspectj.lang.JoinPoint,java.lang.Object) throws java.lang.Throwable
19:03:37  DEBUG o.s.a.a.a.ReflectiveAspectJAdvisorFactory - Found AspectJ method: public java.lang.Object io.appium.java_client.events.DefaultAspect.doAround(org.aspectj.lang.ProceedingJoinPoint) throws java.lang.Throwable
19:03:37  DEBUG o.s.a.a.a.ReflectiveAspectJAdvisorFactory - Found AspectJ method: public void io.appium.java_client.events.DefaultAspect.beforeAlertAccept(org.aspectj.lang.JoinPoint) throws java.lang.Throwable
19:03:37  DEBUG o.s.a.a.a.ReflectiveAspectJAdvisorFactory - Found AspectJ method: public void io.appium.java_client.events.DefaultAspect.beforeAlertDismiss(org.aspectj.lang.JoinPoint) throws java.lang.Throwable
19:03:37  DEBUG o.s.a.a.a.ReflectiveAspectJAdvisorFactory - Found AspectJ method: public void io.appium.java_client.events.DefaultAspect.beforeAlertSendKeys(org.aspectj.lang.JoinPoint) throws java.lang.Throwable
19:03:37  DEBUG o.s.a.a.a.ReflectiveAspectJAdvisorFactory - Found AspectJ method: public void io.appium.java_client.events.DefaultAspect.beforeChangeValueOf(org.aspectj.lang.JoinPoint) throws java.lang.Throwable
19:03:37  DEBUG o.s.a.a.a.ReflectiveAspectJAdvisorFactory - Found AspectJ method: public void io.appium.java_client.events.DefaultAspect.beforeClickOn(org.aspectj.lang.JoinPoint) throws java.lang.Throwable
19:03:37  DEBUG o.s.a.a.a.ReflectiveAspectJAdvisorFactory - Found AspectJ method: public void io.appium.java_client.events.DefaultAspect.beforeFindBy(org.aspectj.lang.JoinPoint) throws java.lang.Throwable
19:03:37  DEBUG o.s.a.a.a.ReflectiveAspectJAdvisorFactory - Found AspectJ method: public void io.appium.java_client.events.DefaultAspect.beforeMaximization(org.aspectj.lang.JoinPoint) throws java.lang.Throwable
19:03:37  DEBUG o.s.a.a.a.ReflectiveAspectJAdvisorFactory - Found AspectJ method: public void io.appium.java_client.events.DefaultAspect.beforeNavigateBack(org.aspectj.lang.JoinPoint) throws java.lang.Throwable
19:03:37  DEBUG o.s.a.a.a.ReflectiveAspectJAdvisorFactory - Found AspectJ method: public void io.appium.java_client.events.DefaultAspect.beforeNavigateForward(org.aspectj.lang.JoinPoint) throws java.lang.Throwable
19:03:37  DEBUG o.s.a.a.a.ReflectiveAspectJAdvisorFactory - Found AspectJ method: public void io.appium.java_client.events.DefaultAspect.beforeNavigateRefresh(org.aspectj.lang.JoinPoint) throws java.lang.Throwable
19:03:37  DEBUG o.s.a.a.a.ReflectiveAspectJAdvisorFactory - Found AspectJ method: public void io.appium.java_client.events.DefaultAspect.beforeNavigateTo(org.aspectj.lang.JoinPoint) throws java.lang.Throwable
19:03:37  DEBUG o.s.a.a.a.ReflectiveAspectJAdvisorFactory - Found AspectJ method: public void io.appium.java_client.events.DefaultAspect.beforeRotation(org.aspectj.lang.JoinPoint) throws java.lang.Throwable
19:03:37  DEBUG o.s.a.a.a.ReflectiveAspectJAdvisorFactory - Found AspectJ method: public void io.appium.java_client.events.DefaultAspect.beforeScript(org.aspectj.lang.JoinPoint) throws java.lang.Throwable
19:03:37  DEBUG o.s.a.a.a.ReflectiveAspectJAdvisorFactory - Found AspectJ method: public void io.appium.java_client.events.DefaultAspect.beforeSwitchToWindow(org.aspectj.lang.JoinPoint) throws java.lang.Throwable
19:03:37  DEBUG o.s.a.a.a.ReflectiveAspectJAdvisorFactory - Found AspectJ method: public void io.appium.java_client.events.DefaultAspect.beforeSwitchingToContext(org.aspectj.lang.JoinPoint) throws java.lang.Throwable
19:03:37  DEBUG o.s.a.a.a.ReflectiveAspectJAdvisorFactory - Found AspectJ method: public void io.appium.java_client.events.DefaultAspect.beforeTakeScreenShot(org.aspectj.lang.JoinPoint) throws java.lang.Throwable
19:03:37  DEBUG o.s.a.a.a.ReflectiveAspectJAdvisorFactory - Found AspectJ method: public void io.appium.java_client.events.DefaultAspect.beforeWindowIsMoved(org.aspectj.lang.JoinPoint) throws java.lang.Throwable
19:03:37  DEBUG o.s.a.a.a.ReflectiveAspectJAdvisorFactory - Found AspectJ method: public void io.appium.java_client.events.DefaultAspect.beforeWindowIsResized(org.aspectj.lang.JoinPoint) throws java.lang.Throwable
19:03:37  DEBUG o.s.a.a.a.ReflectiveAspectJAdvisorFactory - Found AspectJ method: public void io.appium.java_client.events.DefaultAspect.afterAlertAccept(org.aspectj.lang.JoinPoint) throws java.lang.Throwable
19:03:37  DEBUG o.s.a.a.a.ReflectiveAspectJAdvisorFactory - Found AspectJ method: public void io.appium.java_client.events.DefaultAspect.afterAlertDismiss(org.aspectj.lang.JoinPoint) throws java.lang.Throwable
19:03:37  DEBUG o.s.a.a.a.ReflectiveAspectJAdvisorFactory - Found AspectJ method: public void io.appium.java_client.events.DefaultAspect.afterAlertSendKeys(org.aspectj.lang.JoinPoint) throws java.lang.Throwable
19:03:37  DEBUG o.s.a.a.a.ReflectiveAspectJAdvisorFactory - Found AspectJ method: public void io.appium.java_client.events.DefaultAspect.afterChangeValueOf(org.aspectj.lang.JoinPoint) throws java.lang.Throwable
19:03:37  DEBUG o.s.a.a.a.ReflectiveAspectJAdvisorFactory - Found AspectJ method: public void io.appium.java_client.events.DefaultAspect.afterClickOn(org.aspectj.lang.JoinPoint) throws java.lang.Throwable
19:03:37  DEBUG o.s.a.a.a.ReflectiveAspectJAdvisorFactory - Found AspectJ method: public void io.appium.java_client.events.DefaultAspect.afterFindBy(org.aspectj.lang.JoinPoint) throws java.lang.Throwable
19:03:37  DEBUG o.s.a.a.a.ReflectiveAspectJAdvisorFactory - Found AspectJ method: public void io.appium.java_client.events.DefaultAspect.afterMaximization(org.aspectj.lang.JoinPoint) throws java.lang.Throwable
19:03:37  DEBUG o.s.a.a.a.ReflectiveAspectJAdvisorFactory - Found AspectJ method: public void io.appium.java_client.events.DefaultAspect.afterNavigateBack(org.aspectj.lang.JoinPoint) throws java.lang.Throwable
19:03:37  DEBUG o.s.a.a.a.ReflectiveAspectJAdvisorFactory - Found AspectJ method: public void io.appium.java_client.events.DefaultAspect.afterNavigateForward(org.aspectj.lang.JoinPoint) throws java.lang.Throwable
19:03:37  DEBUG o.s.a.a.a.ReflectiveAspectJAdvisorFactory - Found AspectJ method: public void io.appium.java_client.events.DefaultAspect.afterNavigateRefresh(org.aspectj.lang.JoinPoint) throws java.lang.Throwable
19:03:37  DEBUG o.s.a.a.a.ReflectiveAspectJAdvisorFactory - Found AspectJ method: public void io.appium.java_client.events.DefaultAspect.afterNavigateTo(org.aspectj.lang.JoinPoint) throws java.lang.Throwable
19:03:37  DEBUG o.s.a.a.a.ReflectiveAspectJAdvisorFactory - Found AspectJ method: public void io.appium.java_client.events.DefaultAspect.afterRotation(org.aspectj.lang.JoinPoint) throws java.lang.Throwable
19:03:37  DEBUG o.s.a.a.a.ReflectiveAspectJAdvisorFactory - Found AspectJ method: public void io.appium.java_client.events.DefaultAspect.afterScript(org.aspectj.lang.JoinPoint) throws java.lang.Throwable
19:03:37  DEBUG o.s.a.a.a.ReflectiveAspectJAdvisorFactory - Found AspectJ method: public void io.appium.java_client.events.DefaultAspect.afterSwitchToWindow(org.aspectj.lang.JoinPoint) throws java.lang.Throwable
19:03:37  DEBUG o.s.a.a.a.ReflectiveAspectJAdvisorFactory - Found AspectJ method: public void io.appium.java_client.events.DefaultAspect.afterSwitchingToContextn(org.aspectj.lang.JoinPoint) throws java.lang.Throwable
19:03:37  DEBUG o.s.a.a.a.ReflectiveAspectJAdvisorFactory - Found AspectJ method: public void io.appium.java_client.events.DefaultAspect.afterWindowIsMoved(org.aspectj.lang.JoinPoint) throws java.lang.Throwable
19:03:37  DEBUG o.s.a.a.a.ReflectiveAspectJAdvisorFactory - Found AspectJ method: public void io.appium.java_client.events.DefaultAspect.afterWindowIsResized(org.aspectj.lang.JoinPoint) throws java.lang.Throwable
19:03:37  DEBUG o.s.a.a.a.ReflectiveAspectJAdvisorFactory - Found AspectJ method: public void io.appium.java_client.events.DefaultAspect.afterTakeScreenShot(org.aspectj.lang.JoinPoint,java.lang.Object) throws java.lang.Throwable
19:03:38  INFO  configwiki.AppiumListener - Start find element---By.xpath: //*[@resource-id='org.wikipedia:id/menu_overflow_button']
19:03:39  INFO  configwiki.AppiumListener - The element was found---By.xpath: //*[@resource-id='org.wikipedia:id/menu_overflow_button']
19:03:39  DEBUG o.s.a.a.a.ReflectiveAspectJAdvisorFactory - Found AspectJ method: public java.lang.Object io.appium.java_client.events.DefaultAspect.doAround(org.aspectj.lang.ProceedingJoinPoint) throws java.lang.Throwable
19:03:39  DEBUG o.s.a.a.a.ReflectiveAspectJAdvisorFactory - Found AspectJ method: public void io.appium.java_client.events.DefaultAspect.beforeAlertAccept(org.aspectj.lang.JoinPoint) throws java.lang.Throwable
19:03:39  DEBUG o.s.a.a.a.ReflectiveAspectJAdvisorFactory - Found AspectJ method: public void io.appium.java_client.events.DefaultAspect.beforeAlertDismiss(org.aspectj.lang.JoinPoint) throws java.lang.Throwable
19:03:39  DEBUG o.s.a.a.a.ReflectiveAspectJAdvisorFactory - Found AspectJ method: public void io.appium.java_client.events.DefaultAspect.beforeAlertSendKeys(org.aspectj.lang.JoinPoint) throws java.lang.Throwable
19:03:39  DEBUG o.s.a.a.a.ReflectiveAspectJAdvisorFactory - Found AspectJ method: public void io.appium.java_client.events.DefaultAspect.beforeChangeValueOf(org.aspectj.lang.JoinPoint) throws java.lang.Throwable
19:03:39  DEBUG o.s.a.a.a.ReflectiveAspectJAdvisorFactory - Found AspectJ method: public void io.appium.java_client.events.DefaultAspect.beforeClickOn(org.aspectj.lang.JoinPoint) throws java.lang.Throwable
19:03:39  DEBUG o.s.a.a.a.ReflectiveAspectJAdvisorFactory - Found AspectJ method: public void io.appium.java_client.events.DefaultAspect.beforeFindBy(org.aspectj.lang.JoinPoint) throws java.lang.Throwable
19:03:39  DEBUG o.s.a.a.a.ReflectiveAspectJAdvisorFactory - Found AspectJ method: public void io.appium.java_client.events.DefaultAspect.beforeMaximization(org.aspectj.lang.JoinPoint) throws java.lang.Throwable
19:03:39  DEBUG o.s.a.a.a.ReflectiveAspectJAdvisorFactory - Found AspectJ method: public void io.appium.java_client.events.DefaultAspect.beforeNavigateBack(org.aspectj.lang.JoinPoint) throws java.lang.Throwable
19:03:39  DEBUG o.s.a.a.a.ReflectiveAspectJAdvisorFactory - Found AspectJ method: public void io.appium.java_client.events.DefaultAspect.beforeNavigateForward(org.aspectj.lang.JoinPoint) throws java.lang.Throwable
19:03:39  DEBUG o.s.a.a.a.ReflectiveAspectJAdvisorFactory - Found AspectJ method: public void io.appium.java_client.events.DefaultAspect.beforeNavigateRefresh(org.aspectj.lang.JoinPoint) throws java.lang.Throwable
19:03:39  DEBUG o.s.a.a.a.ReflectiveAspectJAdvisorFactory - Found AspectJ method: public void io.appium.java_client.events.DefaultAspect.beforeNavigateTo(org.aspectj.lang.JoinPoint) throws java.lang.Throwable
19:03:39  DEBUG o.s.a.a.a.ReflectiveAspectJAdvisorFactory - Found AspectJ method: public void io.appium.java_client.events.DefaultAspect.beforeRotation(org.aspectj.lang.JoinPoint) throws java.lang.Throwable
19:03:39  DEBUG o.s.a.a.a.ReflectiveAspectJAdvisorFactory - Found AspectJ method: public void io.appium.java_client.events.DefaultAspect.beforeScript(org.aspectj.lang.JoinPoint) throws java.lang.Throwable
19:03:39  DEBUG o.s.a.a.a.ReflectiveAspectJAdvisorFactory - Found AspectJ method: public void io.appium.java_client.events.DefaultAspect.beforeSwitchToWindow(org.aspectj.lang.JoinPoint) throws java.lang.Throwable
19:03:39  DEBUG o.s.a.a.a.ReflectiveAspectJAdvisorFactory - Found AspectJ method: public void io.appium.java_client.events.DefaultAspect.beforeSwitchingToContext(org.aspectj.lang.JoinPoint) throws java.lang.Throwable
19:03:39  DEBUG o.s.a.a.a.ReflectiveAspectJAdvisorFactory - Found AspectJ method: public void io.appium.java_client.events.DefaultAspect.beforeTakeScreenShot(org.aspectj.lang.JoinPoint) throws java.lang.Throwable
19:03:39  DEBUG o.s.a.a.a.ReflectiveAspectJAdvisorFactory - Found AspectJ method: public void io.appium.java_client.events.DefaultAspect.beforeWindowIsMoved(org.aspectj.lang.JoinPoint) throws java.lang.Throwable
19:03:39  DEBUG o.s.a.a.a.ReflectiveAspectJAdvisorFactory - Found AspectJ method: public void io.appium.java_client.events.DefaultAspect.beforeWindowIsResized(org.aspectj.lang.JoinPoint) throws java.lang.Throwable
19:03:39  DEBUG o.s.a.a.a.ReflectiveAspectJAdvisorFactory - Found AspectJ method: public void io.appium.java_client.events.DefaultAspect.afterAlertAccept(org.aspectj.lang.JoinPoint) throws java.lang.Throwable
19:03:39  DEBUG o.s.a.a.a.ReflectiveAspectJAdvisorFactory - Found AspectJ method: public void io.appium.java_client.events.DefaultAspect.afterAlertDismiss(org.aspectj.lang.JoinPoint) throws java.lang.Throwable
19:03:39  DEBUG o.s.a.a.a.ReflectiveAspectJAdvisorFactory - Found AspectJ method: public void io.appium.java_client.events.DefaultAspect.afterAlertSendKeys(org.aspectj.lang.JoinPoint) throws java.lang.Throwable
19:03:39  DEBUG o.s.a.a.a.ReflectiveAspectJAdvisorFactory - Found AspectJ method: public void io.appium.java_client.events.DefaultAspect.afterChangeValueOf(org.aspectj.lang.JoinPoint) throws java.lang.Throwable
19:03:39  DEBUG o.s.a.a.a.ReflectiveAspectJAdvisorFactory - Found AspectJ method: public void io.appium.java_client.events.DefaultAspect.afterClickOn(org.aspectj.lang.JoinPoint) throws java.lang.Throwable
19:03:39  DEBUG o.s.a.a.a.ReflectiveAspectJAdvisorFactory - Found AspectJ method: public void io.appium.java_client.events.DefaultAspect.afterFindBy(org.aspectj.lang.JoinPoint) throws java.lang.Throwable
19:03:39  DEBUG o.s.a.a.a.ReflectiveAspectJAdvisorFactory - Found AspectJ method: public void io.appium.java_client.events.DefaultAspect.afterMaximization(org.aspectj.lang.JoinPoint) throws java.lang.Throwable
19:03:39  DEBUG o.s.a.a.a.ReflectiveAspectJAdvisorFactory - Found AspectJ method: public void io.appium.java_client.events.DefaultAspect.afterNavigateBack(org.aspectj.lang.JoinPoint) throws java.lang.Throwable
19:03:39  DEBUG o.s.a.a.a.ReflectiveAspectJAdvisorFactory - Found AspectJ method: public void io.appium.java_client.events.DefaultAspect.afterNavigateForward(org.aspectj.lang.JoinPoint) throws java.lang.Throwable
19:03:39  DEBUG o.s.a.a.a.ReflectiveAspectJAdvisorFactory - Found AspectJ method: public void io.appium.java_client.events.DefaultAspect.afterNavigateRefresh(org.aspectj.lang.JoinPoint) throws java.lang.Throwable
19:03:39  DEBUG o.s.a.a.a.ReflectiveAspectJAdvisorFactory - Found AspectJ method: public void io.appium.java_client.events.DefaultAspect.afterNavigateTo(org.aspectj.lang.JoinPoint) throws java.lang.Throwable
19:03:39  DEBUG o.s.a.a.a.ReflectiveAspectJAdvisorFactory - Found AspectJ method: public void io.appium.java_client.events.DefaultAspect.afterRotation(org.aspectj.lang.JoinPoint) throws java.lang.Throwable
19:03:39  DEBUG o.s.a.a.a.ReflectiveAspectJAdvisorFactory - Found AspectJ method: public void io.appium.java_client.events.DefaultAspect.afterScript(org.aspectj.lang.JoinPoint) throws java.lang.Throwable
19:03:39  DEBUG o.s.a.a.a.ReflectiveAspectJAdvisorFactory - Found AspectJ method: public void io.appium.java_client.events.DefaultAspect.afterSwitchToWindow(org.aspectj.lang.JoinPoint) throws java.lang.Throwable
19:03:39  DEBUG o.s.a.a.a.ReflectiveAspectJAdvisorFactory - Found AspectJ method: public void io.appium.java_client.events.DefaultAspect.afterSwitchingToContextn(org.aspectj.lang.JoinPoint) throws java.lang.Throwable
19:03:39  DEBUG o.s.a.a.a.ReflectiveAspectJAdvisorFactory - Found AspectJ method: public void io.appium.java_client.events.DefaultAspect.afterWindowIsMoved(org.aspectj.lang.JoinPoint) throws java.lang.Throwable
19:03:39  DEBUG o.s.a.a.a.ReflectiveAspectJAdvisorFactory - Found AspectJ method: public void io.appium.java_client.events.DefaultAspect.afterWindowIsResized(org.aspectj.lang.JoinPoint) throws java.lang.Throwable
19:03:39  DEBUG o.s.a.a.a.ReflectiveAspectJAdvisorFactory - Found AspectJ method: public void io.appium.java_client.events.DefaultAspect.afterTakeScreenShot(org.aspectj.lang.JoinPoint,java.lang.Object) throws java.lang.Throwable
19:03:39  DEBUG o.s.a.a.a.ReflectiveAspectJAdvisorFactory - Found AspectJ method: public java.lang.Object io.appium.java_client.events.DefaultAspect.doAround(org.aspectj.lang.ProceedingJoinPoint) throws java.lang.Throwable
19:03:39  DEBUG o.s.a.a.a.ReflectiveAspectJAdvisorFactory - Found AspectJ method: public void io.appium.java_client.events.DefaultAspect.beforeAlertAccept(org.aspectj.lang.JoinPoint) throws java.lang.Throwable
19:03:39  DEBUG o.s.a.a.a.ReflectiveAspectJAdvisorFactory - Found AspectJ method: public void io.appium.java_client.events.DefaultAspect.beforeAlertDismiss(org.aspectj.lang.JoinPoint) throws java.lang.Throwable
19:03:39  DEBUG o.s.a.a.a.ReflectiveAspectJAdvisorFactory - Found AspectJ method: public void io.appium.java_client.events.DefaultAspect.beforeAlertSendKeys(org.aspectj.lang.JoinPoint) throws java.lang.Throwable
19:03:39  DEBUG o.s.a.a.a.ReflectiveAspectJAdvisorFactory - Found AspectJ method: public void io.appium.java_client.events.DefaultAspect.beforeChangeValueOf(org.aspectj.lang.JoinPoint) throws java.lang.Throwable
19:03:39  DEBUG o.s.a.a.a.ReflectiveAspectJAdvisorFactory - Found AspectJ method: public void io.appium.java_client.events.DefaultAspect.beforeClickOn(org.aspectj.lang.JoinPoint) throws java.lang.Throwable
19:03:39  DEBUG o.s.a.a.a.ReflectiveAspectJAdvisorFactory - Found AspectJ method: public void io.appium.java_client.events.DefaultAspect.beforeFindBy(org.aspectj.lang.JoinPoint) throws java.lang.Throwable
19:03:39  DEBUG o.s.a.a.a.ReflectiveAspectJAdvisorFactory - Found AspectJ method: public void io.appium.java_client.events.DefaultAspect.beforeMaximization(org.aspectj.lang.JoinPoint) throws java.lang.Throwable
19:03:39  DEBUG o.s.a.a.a.ReflectiveAspectJAdvisorFactory - Found AspectJ method: public void io.appium.java_client.events.DefaultAspect.beforeNavigateBack(org.aspectj.lang.JoinPoint) throws java.lang.Throwable
19:03:39  DEBUG o.s.a.a.a.ReflectiveAspectJAdvisorFactory - Found AspectJ method: public void io.appium.java_client.events.DefaultAspect.beforeNavigateForward(org.aspectj.lang.JoinPoint) throws java.lang.Throwable
19:03:39  DEBUG o.s.a.a.a.ReflectiveAspectJAdvisorFactory - Found AspectJ method: public void io.appium.java_client.events.DefaultAspect.beforeNavigateRefresh(org.aspectj.lang.JoinPoint) throws java.lang.Throwable
19:03:39  DEBUG o.s.a.a.a.ReflectiveAspectJAdvisorFactory - Found AspectJ method: public void io.appium.java_client.events.DefaultAspect.beforeNavigateTo(org.aspectj.lang.JoinPoint) throws java.lang.Throwable
19:03:39  DEBUG o.s.a.a.a.ReflectiveAspectJAdvisorFactory - Found AspectJ method: public void io.appium.java_client.events.DefaultAspect.beforeRotation(org.aspectj.lang.JoinPoint) throws java.lang.Throwable
19:03:39  DEBUG o.s.a.a.a.ReflectiveAspectJAdvisorFactory - Found AspectJ method: public void io.appium.java_client.events.DefaultAspect.beforeScript(org.aspectj.lang.JoinPoint) throws java.lang.Throwable
19:03:39  DEBUG o.s.a.a.a.ReflectiveAspectJAdvisorFactory - Found AspectJ method: public void io.appium.java_client.events.DefaultAspect.beforeSwitchToWindow(org.aspectj.lang.JoinPoint) throws java.lang.Throwable
19:03:39  DEBUG o.s.a.a.a.ReflectiveAspectJAdvisorFactory - Found AspectJ method: public void io.appium.java_client.events.DefaultAspect.beforeSwitchingToContext(org.aspectj.lang.JoinPoint) throws java.lang.Throwable
19:03:39  DEBUG o.s.a.a.a.ReflectiveAspectJAdvisorFactory - Found AspectJ method: public void io.appium.java_client.events.DefaultAspect.beforeTakeScreenShot(org.aspectj.lang.JoinPoint) throws java.lang.Throwable
19:03:39  DEBUG o.s.a.a.a.ReflectiveAspectJAdvisorFactory - Found AspectJ method: public void io.appium.java_client.events.DefaultAspect.beforeWindowIsMoved(org.aspectj.lang.JoinPoint) throws java.lang.Throwable
19:03:39  DEBUG o.s.a.a.a.ReflectiveAspectJAdvisorFactory - Found AspectJ method: public void io.appium.java_client.events.DefaultAspect.beforeWindowIsResized(org.aspectj.lang.JoinPoint) throws java.lang.Throwable
19:03:39  DEBUG o.s.a.a.a.ReflectiveAspectJAdvisorFactory - Found AspectJ method: public void io.appium.java_client.events.DefaultAspect.afterAlertAccept(org.aspectj.lang.JoinPoint) throws java.lang.Throwable
19:03:39  DEBUG o.s.a.a.a.ReflectiveAspectJAdvisorFactory - Found AspectJ method: public void io.appium.java_client.events.DefaultAspect.afterAlertDismiss(org.aspectj.lang.JoinPoint) throws java.lang.Throwable
19:03:39  DEBUG o.s.a.a.a.ReflectiveAspectJAdvisorFactory - Found AspectJ method: public void io.appium.java_client.events.DefaultAspect.afterAlertSendKeys(org.aspectj.lang.JoinPoint) throws java.lang.Throwable
19:03:39  DEBUG o.s.a.a.a.ReflectiveAspectJAdvisorFactory - Found AspectJ method: public void io.appium.java_client.events.DefaultAspect.afterChangeValueOf(org.aspectj.lang.JoinPoint) throws java.lang.Throwable
19:03:39  DEBUG o.s.a.a.a.ReflectiveAspectJAdvisorFactory - Found AspectJ method: public void io.appium.java_client.events.DefaultAspect.afterClickOn(org.aspectj.lang.JoinPoint) throws java.lang.Throwable
19:03:39  DEBUG o.s.a.a.a.ReflectiveAspectJAdvisorFactory - Found AspectJ method: public void io.appium.java_client.events.DefaultAspect.afterFindBy(org.aspectj.lang.JoinPoint) throws java.lang.Throwable
19:03:39  DEBUG o.s.a.a.a.ReflectiveAspectJAdvisorFactory - Found AspectJ method: public void io.appium.java_client.events.DefaultAspect.afterMaximization(org.aspectj.lang.JoinPoint) throws java.lang.Throwable
19:03:39  DEBUG o.s.a.a.a.ReflectiveAspectJAdvisorFactory - Found AspectJ method: public void io.appium.java_client.events.DefaultAspect.afterNavigateBack(org.aspectj.lang.JoinPoint) throws java.lang.Throwable
19:03:39  DEBUG o.s.a.a.a.ReflectiveAspectJAdvisorFactory - Found AspectJ method: public void io.appium.java_client.events.DefaultAspect.afterNavigateForward(org.aspectj.lang.JoinPoint) throws java.lang.Throwable
19:03:39  DEBUG o.s.a.a.a.ReflectiveAspectJAdvisorFactory - Found AspectJ method: public void io.appium.java_client.events.DefaultAspect.afterNavigateRefresh(org.aspectj.lang.JoinPoint) throws java.lang.Throwable
19:03:39  DEBUG o.s.a.a.a.ReflectiveAspectJAdvisorFactory - Found AspectJ method: public void io.appium.java_client.events.DefaultAspect.afterNavigateTo(org.aspectj.lang.JoinPoint) throws java.lang.Throwable
19:03:39  DEBUG o.s.a.a.a.ReflectiveAspectJAdvisorFactory - Found AspectJ method: public void io.appium.java_client.events.DefaultAspect.afterRotation(org.aspectj.lang.JoinPoint) throws java.lang.Throwable
19:03:39  DEBUG o.s.a.a.a.ReflectiveAspectJAdvisorFactory - Found AspectJ method: public void io.appium.java_client.events.DefaultAspect.afterScript(org.aspectj.lang.JoinPoint) throws java.lang.Throwable
19:03:39  DEBUG o.s.a.a.a.ReflectiveAspectJAdvisorFactory - Found AspectJ method: public void io.appium.java_client.events.DefaultAspect.afterSwitchToWindow(org.aspectj.lang.JoinPoint) throws java.lang.Throwable
19:03:39  DEBUG o.s.a.a.a.ReflectiveAspectJAdvisorFactory - Found AspectJ method: public void io.appium.java_client.events.DefaultAspect.afterSwitchingToContextn(org.aspectj.lang.JoinPoint) throws java.lang.Throwable
19:03:39  DEBUG o.s.a.a.a.ReflectiveAspectJAdvisorFactory - Found AspectJ method: public void io.appium.java_client.events.DefaultAspect.afterWindowIsMoved(org.aspectj.lang.JoinPoint) throws java.lang.Throwable
19:03:39  DEBUG o.s.a.a.a.ReflectiveAspectJAdvisorFactory - Found AspectJ method: public void io.appium.java_client.events.DefaultAspect.afterWindowIsResized(org.aspectj.lang.JoinPoint) throws java.lang.Throwable
19:03:39  DEBUG o.s.a.a.a.ReflectiveAspectJAdvisorFactory - Found AspectJ method: public void io.appium.java_client.events.DefaultAspect.afterTakeScreenShot(org.aspectj.lang.JoinPoint,java.lang.Object) throws java.lang.Throwable
19:03:39  INFO  configwiki.AppiumListener - You have a problem with---An unknown server-side error occurred while processing the command. Original error: Could not proxy command to remote server. Original error: Error: socket hang up
Build info: version: '3.141.59', revision: 'e82be7d358', time: '2018-11-14T08:17:03'
System info: host: 'LAPTOP-BETKQUU3', ip: '192.168.243.73', os.name: 'Windows 10', os.arch: 'amd64', os.version: '10.0', java.version: '1.8.0_301'
Driver info: io.appium.java_client.AppiumDriver
Capabilities {app: C:/Users/julia/Documents/QA..., appActivities: .main.MainActivity, appPackage: org.wikipedia, automationName: Appium, databaseEnabled: false, desired: {app: C:/Users/julia/Documents/QA..., appActivities: .main.MainActivity, appPackage: org.wikipedia, automationName: Appium, deviceName: qa_new, platformName: android, platformVersion: 8.1}, deviceApiLevel: 27, deviceManufacturer: Google, deviceModel: Android SDK built for x86, deviceName: emulator-5554, deviceScreenDensity: 480, deviceScreenSize: 1080x1920, deviceUDID: emulator-5554, javascriptEnabled: true, locationContextEnabled: false, networkConnectionEnabled: true, pixelRatio: 3, platform: LINUX, platformName: Android, platformVersion: 8.1.0, statBarHeight: 72, takesScreenshot: true, viewportRect: {height: 1704, left: 0, top: 72, width: 1080}, warnings: {}, webStorageEnabled: false}
Session ID: fce851db-6141-4163-9933-8ea101c17be2[Ljava.lang.StackTraceElement;@5fa98664
